2025-04-14 22:10:44,749 - flask.app - INFO - Received file upload request
2025-04-14 22:10:44,781 - flask.app - INFO - Processing file: sec-example-lease.pdf
2025-04-14 22:11:12,335 - flask.app - INFO - File sec-example-lease.pdf successfully uploaded and processed
2025-04-14 22:13:16,255 - flask.app - INFO - Received file upload request
2025-04-14 22:13:16,275 - flask.app - INFO - Processing file: sec-example-lease.pdf
2025-04-14 22:13:45,119 - flask.app - INFO - File sec-example-lease.pdf successfully uploaded and processed
2025-04-14 22:13:45,150 - flask.app - INFO - Received lease extraction request
2025-04-14 22:14:03,606 - flask.app - ERROR - Error during lease extraction: 'list' object has no attribute 'result'
2025-04-14 22:23:42,235 - flask.app - INFO - Received file upload request
2025-04-14 22:23:42,246 - flask.app - INFO - Processing file: sec-example-lease.pdf
2025-04-14 22:24:19,102 - flask.app - INFO - File sec-example-lease.pdf successfully uploaded and processed
2025-04-14 22:24:19,127 - flask.app - INFO - Received lease extraction request
2025-04-14 22:24:32,501 - flask.app - ERROR - Error during lease extraction: 'list' object has no attribute 'result'
2025-04-14 22:26:42,115 - flask.app - INFO - Received file upload request
2025-04-14 22:26:42,134 - flask.app - INFO - Processing file: sec-example-lease.pdf
2025-04-14 22:27:36,085 - flask.app - INFO - File sec-example-lease.pdf successfully uploaded and processed
2025-04-14 22:27:36,107 - flask.app - INFO - Received lease extraction request
2025-04-14 22:27:51,746 - flask.app - INFO - Received file upload request
2025-04-14 22:27:51,756 - flask.app - INFO - Processing file: sec-example-lease.pdf
2025-04-14 22:28:35,822 - flask.app - INFO - File sec-example-lease.pdf successfully uploaded and processed
2025-04-14 22:28:35,842 - flask.app - INFO - Received lease extraction request
2025-04-14 22:28:35,843 - flask.app - ERROR - Error during lease extraction: Workflow.__init__() got an unexpected keyword argument 'document_path'
2025-04-14 22:30:20,991 - flask.app - INFO - Received lease extraction request
2025-04-14 22:30:20,993 - flask.app - ERROR - Error during lease extraction: 415 Unsupported Media Type: Did not attempt to load JSON data because the request Content-Type was not 'application/json'.
2025-04-14 22:33:49,975 - flask.app - INFO - Received lease extraction request
2025-04-14 22:34:04,735 - flask.app - ERROR - Error during lease extraction: 'list' object has no attribute 'result'
2025-04-14 22:38:02,139 - flask.app - INFO - Received file upload request
2025-04-14 22:38:02,154 - flask.app - INFO - Processing file: sec-example-lease.pdf
2025-04-14 22:38:34,165 - flask.app - INFO - Received file upload request
2025-04-14 22:38:34,176 - flask.app - INFO - Processing file: sec-example-lease.pdf
2025-04-14 22:39:38,343 - flask.app - INFO - Received file upload request
2025-04-14 22:39:38,354 - flask.app - INFO - Processing file: sec-example-lease.pdf
2025-04-14 22:40:53,135 - flask.app - INFO - File sec-example-lease.pdf successfully uploaded and processed
2025-04-14 22:40:53,135 - flask.app - INFO - File sec-example-lease.pdf successfully uploaded and processed
2025-04-14 22:42:52,925 - flask.app - INFO - Received file upload request
2025-04-14 22:42:52,941 - flask.app - INFO - Processing file: sec-example-lease.pdf
2025-04-14 22:43:14,216 - flask.app - INFO - File sec-example-lease.pdf successfully uploaded and processed
2025-04-14 22:54:45,743 - flask.app - INFO - Received file upload request
2025-04-14 22:54:45,751 - flask.app - INFO - Processing file: sec-example-lease.pdf
2025-04-14 22:55:07,375 - flask.app - INFO - File sec-example-lease.pdf successfully uploaded and processed
2025-04-14 22:55:07,397 - flask.app - INFO - Received lease extraction request
2025-04-14 22:55:21,394 - flask.app - INFO - Lease extraction completed successfully
2025-04-14 22:55:21,395 - flask.app - ERROR - Error during lease extraction: Object of type LeaseExtraction is not JSON serializable
2025-04-14 22:58:41,972 - flask.app - INFO - Received file upload request
2025-04-14 22:58:41,981 - flask.app - INFO - Processing file: sec-example-lease.pdf
2025-04-14 23:00:19,351 - flask.app - INFO - File sec-example-lease.pdf successfully uploaded and processed
2025-04-14 23:00:19,414 - flask.app - INFO - Received lease extraction request
2025-04-14 23:00:38,699 - flask.app - INFO - Lease extraction completed successfully
